# JRE version: Java(TM) SE Runtime Environment (24.0.2+12) (build 24.0.2+12-54)
# Java VM: Java HotSpot(TM) 64-Bit Server VM (24.0.2+12-54, mixed mode, sharing, tiered, compressed oops, compressed class ptrs, g1 gc, windows-amd64)
GC Precious Log:
 CardTable entry size: 512
 Card Set container configuration: InlinePtr #cards 5 size 8 Array Of Cards #cards 10 size 36 Howl #buckets 4 coarsen threshold 1843 Howl Bitmap #cards 512 size 80 coarsen threshold 460 Card regions per heap region 1 cards per card region 2048
 CPUs: 4 total, 4 available
 Memory: 8050M
 Large Page Support: Disabled
 NUMA Support: Disabled
 Compressed Oops: Enabled (32-bit)
 Heap Region Size: 1M
 Heap Min Capacity: 8M
 Heap Initial Capacity: 8M
 Heap Max Capacity: 2014M
 Pre-touch: Disabled
 Parallel Workers: 4
 Concurrent Workers: 1
 Concurrent Refinement Workers: 4
 Periodic GC: Disabled
Heap:
 garbage-first heap   total reserved 2062336K, committed 25600K, used 16799K [0x0000000082200000, 0x0000000100000000)
  region size 1024K, 9 young (9216K), 2 survivors (2048K)
 Metaspace       used 10318K, committed 10560K, reserved 1114112K
  class space    used 1011K, committed 1152K, reserved 1048576K
GC Heap History (20 events):
Event: 2.208 GC heap before
{Heap before GC invocations=6 (full 0):
 garbage-first heap   total reserved 2062336K, committed 10240K, used 6660K [0x0000000082200000, 0x0000000100000000)
  region size 1024K, 3 young (3072K), 1 survivors (1024K)
 Metaspace       used 8968K, committed 9152K, reserved 1114112K
  class space    used 867K, committed 960K, reserved 1048576K
}
Event: 2.211 GC heap after
{Heap after GC invocations=7 (full 0):
 garbage-first heap   total reserved 2062336K, committed 10240K, used 5450K [0x0000000082200000, 0x0000000100000000)
  region size 1024K, 1 young (1024K), 1 survivors (1024K)
 Metaspace       used 8968K, committed 9152K, reserved 1114112K
  class space    used 867K, committed 960K, reserved 1048576K
}
Event: 2.242 GC heap before
{Heap before GC invocations=7 (full 0):
 garbage-first heap   total reserved 2062336K, committed 10240K, used 6474K [0x0000000082200000, 0x0000000100000000)
  region size 1024K, 2 young (2048K), 1 survivors (1024K)
 Metaspace       used 8995K, committed 9216K, reserved 1114112K
  class space    used 869K, committed 960K, reserved 1048576K
}
Event: 2.244 GC heap after
{Heap after GC invocations=8 (full 0):
 garbage-first heap   total reserved 2062336K, committed 12288K, used 5658K [0x0000000082200000, 0x0000000100000000)
  region size 1024K, 1 young (1024K), 1 survivors (1024K)
 Metaspace       used 8995K, committed 9216K, reserved 1114112K
  class space    used 869K, committed 960K, reserved 1048576K
}
Event: 2.458 GC heap before
{Heap before GC invocations=8 (full 0):
 garbage-first heap   total reserved 2062336K, committed 12288K, used 7706K [0x0000000082200000, 0x0000000100000000)
  region size 1024K, 3 young (3072K), 1 survivors (1024K)
 Metaspace       used 9029K, committed 9216K, reserved 1114112K
  class space    used 869K, committed 960K, reserved 1048576K
}
Event: 2.460 GC heap after
{Heap after GC invocations=9 (full 0):
 garbage-first heap   total reserved 2062336K, committed 12288K, used 5865K [0x0000000082200000, 0x0000000100000000)
  region size 1024K, 1 young (1024K), 1 survivors (1024K)
 Metaspace       used 9029K, committed 9216K, reserved 1114112K
  class space    used 869K, committed 960K, reserved 1048576K
}
Event: 2.550 GC heap before
{Heap before GC invocations=10 (full 0):
 garbage-first heap   total reserved 2062336K, committed 12288K, used 7913K [0x0000000082200000, 0x0000000100000000)
  region size 1024K, 3 young (3072K), 1 survivors (1024K)
 Metaspace       used 9113K, committed 9408K, reserved 1114112K
  class space    used 877K, committed 1024K, reserved 1048576K
}
Event: 2.555 GC heap after
{Heap after GC invocations=11 (full 0):
 garbage-first heap   total reserved 2062336K, committed 12288K, used 6095K [0x0000000082200000, 0x0000000100000000)
  region size 1024K, 1 young (1024K), 1 survivors (1024K)
 Metaspace       used 9113K, committed 9408K, reserved 1114112K
  class space    used 877K, committed 1024K, reserved 1048576K
}
Event: 2.732 GC heap before
{Heap before GC invocations=11 (full 0):
 garbage-first heap   total reserved 2062336K, committed 12288K, used 9167K [0x0000000082200000, 0x0000000100000000)
  region size 1024K, 4 young (4096K), 1 survivors (1024K)
 Metaspace       used 9136K, committed 9408K, reserved 1114112K
  class space    used 877K, committed 1024K, reserved 1048576K
}
Event: 2.735 GC heap after
{Heap after GC invocations=12 (full 0):
 garbage-first heap   total reserved 2062336K, committed 12288K, used 6569K [0x0000000082200000, 0x0000000100000000)
  region size 1024K, 1 young (1024K), 1 survivors (1024K)
 Metaspace       used 9136K, committed 9408K, reserved 1114112K
  class space    used 877K, committed 1024K, reserved 1048576K
}
Event: 2.988 GC heap before
{Heap before GC invocations=13 (full 0):
 garbage-first heap   total reserved 2062336K, committed 12288K, used 9641K [0x0000000082200000, 0x0000000100000000)
  region size 1024K, 4 young (4096K), 1 survivors (1024K)
 Metaspace       used 9249K, committed 9472K, reserved 1114112K
  class space    used 891K, committed 1024K, reserved 1048576K
}
Event: 3.005 GC heap after
{Heap after GC invocations=14 (full 0):
 garbage-first heap   total reserved 2062336K, committed 12288K, used 7136K [0x0000000082200000, 0x0000000100000000)
  region size 1024K, 1 young (1024K), 1 survivors (1024K)
 Metaspace       used 9249K, committed 9472K, reserved 1114112K
  class space    used 891K, committed 1024K, reserved 1048576K
}
Event: 3.125 GC heap before
{Heap before GC invocations=14 (full 0):
 garbage-first heap   total reserved 2062336K, committed 12288K, used 10208K [0x0000000082200000, 0x0000000100000000)
  region size 1024K, 4 young (4096K), 1 survivors (1024K)
 Metaspace       used 9260K, committed 9472K, reserved 1114112K
  class space    used 891K, committed 1024K, reserved 1048576K
}
Event: 3.131 GC heap after
{Heap after GC invocations=15 (full 0):
 garbage-first heap   total reserved 2062336K, committed 12288K, used 7735K [0x0000000082200000, 0x0000000100000000)
  region size 1024K, 1 young (1024K), 1 survivors (1024K)
 Metaspace       used 9260K, committed 9472K, reserved 1114112K
  class space    used 891K, committed 1024K, reserved 1048576K
}
Event: 3.259 GC heap before
{Heap before GC invocations=16 (full 0):
 garbage-first heap   total reserved 2062336K, committed 14336K, used 9783K [0x0000000082200000, 0x0000000100000000)
  region size 1024K, 3 young (3072K), 1 survivors (1024K)
 Metaspace       used 9314K, committed 9600K, reserved 1114112K
  class space    used 897K, committed 1024K, reserved 1048576K
}
Event: 3.263 GC heap after
{Heap after GC invocations=17 (full 0):
 garbage-first heap   total reserved 2062336K, committed 14336K, used 8272K [0x0000000082200000, 0x0000000100000000)
  region size 1024K, 1 young (1024K), 1 survivors (1024K)
 Metaspace       used 9314K, committed 9600K, reserved 1114112K
  class space    used 897K, committed 1024K, reserved 1048576K
}
Event: 3.321 GC heap before
{Heap before GC invocations=17 (full 0):
 garbage-first heap   total reserved 2062336K, committed 14336K, used 10320K [0x0000000082200000, 0x0000000100000000)
  region size 1024K, 4 young (4096K), 1 survivors (1024K)
 Metaspace       used 9322K, committed 9600K, reserved 1114112K
  class space    used 898K, committed 1024K, reserved 1048576K
}
Event: 3.327 GC heap after
{Heap after GC invocations=18 (full 0):
 garbage-first heap   total reserved 2062336K, committed 25600K, used 8857K [0x0000000082200000, 0x0000000100000000)
  region size 1024K, 1 young (1024K), 1 survivors (1024K)
 Metaspace       used 9322K, committed 9600K, reserved 1114112K
  class space    used 898K, committed 1024K, reserved 1048576K
}
Event: 3.600 GC heap before
{Heap before GC invocations=18 (full 0):
 garbage-first heap   total reserved 2062336K, committed 25600K, used 19097K [0x0000000082200000, 0x0000000100000000)
  region size 1024K, 11 young (11264K), 1 survivors (1024K)
 Metaspace       used 9480K, committed 9728K, reserved 1114112K
  class space    used 902K, committed 1024K, reserved 1048576K
}
Event: 3.608 GC heap after
{Heap after GC invocations=19 (full 0):
 garbage-first heap   total reserved 2062336K, committed 25600K, used 10655K [0x0000000082200000, 0x0000000100000000)
  region size 1024K, 2 young (2048K), 2 survivors (2048K)
 Metaspace       used 9480K, committed 9728K, reserved 1114112K
  class space    used 902K, committed 1024K, reserved 1048576K
}

