# JRE version: Java(TM) SE Runtime Environment (24.0.2+12) (build 24.0.2+12-54)
# Java VM: Java HotSpot(TM) 64-Bit Server VM (24.0.2+12-54, mixed mode, sharing, tiered, compressed oops, compressed class ptrs, g1 gc, windows-amd64)
GC Precious Log:
 CardTable entry size: 512
 Card Set container configuration: InlinePtr #cards 5 size 8 Array Of Cards #cards 10 size 36 Howl #buckets 4 coarsen threshold 1843 Howl Bitmap #cards 512 size 80 coarsen threshold 460 Card regions per heap region 1 cards per card region 2048
 CPUs: 4 total, 4 available
 Memory: 8050M
 Large Page Support: Disabled
 NUMA Support: Disabled
 Compressed Oops: Enabled (32-bit)
 Heap Region Size: 1M
 Heap Min Capacity: 8M
 Heap Initial Capacity: 8M
 Heap Max Capacity: 2014M
 Pre-touch: Disabled
 Parallel Workers: 4
 Concurrent Workers: 1
 Concurrent Refinement Workers: 4
 Periodic GC: Disabled
Heap:
 garbage-first heap   total reserved 2062336K, committed 36864K, used 21953K [0x0000000082200000, 0x0000000100000000)
  region size 1024K, 10 young (10240K), 2 survivors (2048K)
 Metaspace       used 11785K, committed 11968K, reserved 1114112K
  class space    used 1136K, committed 1216K, reserved 1048576K
GC Heap History (20 events):
Event: 1.719 GC heap before
{Heap before GC invocations=6 (full 0):
 garbage-first heap   total reserved 2062336K, committed 10240K, used 6673K [0x0000000082200000, 0x0000000100000000)
  region size 1024K, 3 young (3072K), 1 survivors (1024K)
 Metaspace       used 8986K, committed 9216K, reserved 1114112K
  class space    used 867K, committed 960K, reserved 1048576K
}
Event: 1.723 GC heap after
{Heap after GC invocations=7 (full 0):
 garbage-first heap   total reserved 2062336K, committed 10240K, used 5388K [0x0000000082200000, 0x0000000100000000)
  region size 1024K, 1 young (1024K), 1 survivors (1024K)
 Metaspace       used 8986K, committed 9216K, reserved 1114112K
  class space    used 867K, committed 960K, reserved 1048576K
}
Event: 1.737 GC heap before
{Heap before GC invocations=7 (full 0):
 garbage-first heap   total reserved 2062336K, committed 10240K, used 6412K [0x0000000082200000, 0x0000000100000000)
  region size 1024K, 2 young (2048K), 1 survivors (1024K)
 Metaspace       used 9008K, committed 9216K, reserved 1114112K
  class space    used 869K, committed 960K, reserved 1048576K
}
Event: 1.740 GC heap after
{Heap after GC invocations=8 (full 0):
 garbage-first heap   total reserved 2062336K, committed 10240K, used 5595K [0x0000000082200000, 0x0000000100000000)
  region size 1024K, 1 young (1024K), 1 survivors (1024K)
 Metaspace       used 9008K, committed 9216K, reserved 1114112K
  class space    used 869K, committed 960K, reserved 1048576K
}
Event: 1.751 GC heap before
{Heap before GC invocations=8 (full 0):
 garbage-first heap   total reserved 2062336K, committed 10240K, used 6619K [0x0000000082200000, 0x0000000100000000)
  region size 1024K, 2 young (2048K), 1 survivors (1024K)
 Metaspace       used 9015K, committed 9216K, reserved 1114112K
  class space    used 869K, committed 960K, reserved 1048576K
}
Event: 1.752 GC heap after
{Heap after GC invocations=9 (full 0):
 garbage-first heap   total reserved 2062336K, committed 18432K, used 5647K [0x0000000082200000, 0x0000000100000000)
  region size 1024K, 1 young (1024K), 1 survivors (1024K)
 Metaspace       used 9015K, committed 9216K, reserved 1114112K
  class space    used 869K, committed 960K, reserved 1048576K
}
Event: 1.816 GC heap before
{Heap before GC invocations=10 (full 0):
 garbage-first heap   total reserved 2062336K, committed 18432K, used 10767K [0x0000000082200000, 0x0000000100000000)
  region size 1024K, 6 young (6144K), 1 survivors (1024K)
 Metaspace       used 9139K, committed 9408K, reserved 1114112K
  class space    used 877K, committed 1024K, reserved 1048576K
}
Event: 1.819 GC heap after
{Heap after GC invocations=11 (full 0):
 garbage-first heap   total reserved 2062336K, committed 18432K, used 6335K [0x0000000082200000, 0x0000000100000000)
  region size 1024K, 1 young (1024K), 1 survivors (1024K)
 Metaspace       used 9139K, committed 9408K, reserved 1114112K
  class space    used 877K, committed 1024K, reserved 1048576K
}
Event: 1.880 GC heap before
{Heap before GC invocations=11 (full 0):
 garbage-first heap   total reserved 2062336K, committed 18432K, used 11455K [0x0000000082200000, 0x0000000100000000)
  region size 1024K, 6 young (6144K), 1 survivors (1024K)
 Metaspace       used 9255K, committed 9536K, reserved 1114112K
  class space    used 891K, committed 1024K, reserved 1048576K
}
Event: 1.884 GC heap after
{Heap after GC invocations=12 (full 0):
 garbage-first heap   total reserved 2062336K, committed 18432K, used 7097K [0x0000000082200000, 0x0000000100000000)
  region size 1024K, 1 young (1024K), 1 survivors (1024K)
 Metaspace       used 9255K, committed 9536K, reserved 1114112K
  class space    used 891K, committed 1024K, reserved 1048576K
}
Event: 1.936 GC heap before
{Heap before GC invocations=12 (full 0):
 garbage-first heap   total reserved 2062336K, committed 18432K, used 12217K [0x0000000082200000, 0x0000000100000000)
  region size 1024K, 6 young (6144K), 1 survivors (1024K)
 Metaspace       used 9328K, committed 9600K, reserved 1114112K
  class space    used 898K, committed 1024K, reserved 1048576K
}
Event: 1.941 GC heap after
{Heap after GC invocations=13 (full 0):
 garbage-first heap   total reserved 2062336K, committed 18432K, used 8321K [0x0000000082200000, 0x0000000100000000)
  region size 1024K, 1 young (1024K), 1 survivors (1024K)
 Metaspace       used 9328K, committed 9600K, reserved 1114112K
  class space    used 898K, committed 1024K, reserved 1048576K
}
Event: 1.963 GC heap before
{Heap before GC invocations=13 (full 0):
 garbage-first heap   total reserved 2062336K, committed 18432K, used 13441K [0x0000000082200000, 0x0000000100000000)
  region size 1024K, 6 young (6144K), 1 survivors (1024K)
 Metaspace       used 9334K, committed 9600K, reserved 1114112K
  class space    used 898K, committed 1024K, reserved 1048576K
}
Event: 1.967 GC heap after
{Heap after GC invocations=14 (full 0):
 garbage-first heap   total reserved 2062336K, committed 18432K, used 9448K [0x0000000082200000, 0x0000000100000000)
  region size 1024K, 1 young (1024K), 1 survivors (1024K)
 Metaspace       used 9334K, committed 9600K, reserved 1114112K
  class space    used 898K, committed 1024K, reserved 1048576K
}
Event: 2.020 GC heap before
{Heap before GC invocations=14 (full 0):
 garbage-first heap   total reserved 2062336K, committed 18432K, used 13544K [0x0000000082200000, 0x0000000100000000)
  region size 1024K, 6 young (6144K), 1 survivors (1024K)
 Metaspace       used 9382K, committed 9600K, reserved 1114112K
  class space    used 900K, committed 1024K, reserved 1048576K
}
Event: 2.025 GC heap after
{Heap after GC invocations=15 (full 0):
 garbage-first heap   total reserved 2062336K, committed 36864K, used 10316K [0x0000000082200000, 0x0000000100000000)
  region size 1024K, 1 young (1024K), 1 survivors (1024K)
 Metaspace       used 9382K, committed 9600K, reserved 1114112K
  class space    used 900K, committed 1024K, reserved 1048576K
}
Event: 4.356 GC heap before
{Heap before GC invocations=16 (full 0):
 garbage-first heap   total reserved 2062336K, committed 36864K, used 25676K [0x0000000082200000, 0x0000000100000000)
  region size 1024K, 17 young (17408K), 1 survivors (1024K)
 Metaspace       used 10804K, committed 11008K, reserved 1114112K
  class space    used 1061K, committed 1152K, reserved 1048576K
}
Event: 4.375 GC heap after
{Heap after GC invocations=17 (full 0):
 garbage-first heap   total reserved 2062336K, committed 36864K, used 13040K [0x0000000082200000, 0x0000000100000000)
  region size 1024K, 3 young (3072K), 3 survivors (3072K)
 Metaspace       used 10804K, committed 11008K, reserved 1114112K
  class space    used 1061K, committed 1152K, reserved 1048576K
}
Event: 5.765 GC heap before
{Heap before GC invocations=17 (full 0):
 garbage-first heap   total reserved 2062336K, committed 36864K, used 24304K [0x0000000082200000, 0x0000000100000000)
  region size 1024K, 14 young (14336K), 3 survivors (3072K)
 Metaspace       used 11385K, committed 11584K, reserved 1114112K
  class space    used 1099K, committed 1216K, reserved 1048576K
}
Event: 5.790 GC heap after
{Heap after GC invocations=18 (full 0):
 garbage-first heap   total reserved 2062336K, committed 36864K, used 14785K [0x0000000082200000, 0x0000000100000000)
  region size 1024K, 2 young (2048K), 2 survivors (2048K)
 Metaspace       used 11385K, committed 11584K, reserved 1114112K
  class space    used 1099K, committed 1216K, reserved 1048576K
}

