# JRE version: Java(TM) SE Runtime Environment (24.0.2+12) (build 24.0.2+12-54)
# Java VM: Java HotSpot(TM) 64-Bit Server VM (24.0.2+12-54, mixed mode, sharing, tiered, compressed oops, compressed class ptrs, g1 gc, windows-amd64)
GC Precious Log:
 CardTable entry size: 512
 Card Set container configuration: InlinePtr #cards 5 size 8 Array Of Cards #cards 10 size 36 Howl #buckets 4 coarsen threshold 1843 Howl Bitmap #cards 512 size 80 coarsen threshold 460 Card regions per heap region 1 cards per card region 2048
 CPUs: 4 total, 4 available
 Memory: 8050M
 Large Page Support: Disabled
 NUMA Support: Disabled
 Compressed Oops: Enabled (32-bit)
 Heap Region Size: 1M
 Heap Min Capacity: 8M
 Heap Initial Capacity: 8M
 Heap Max Capacity: 2014M
 Pre-touch: Disabled
 Parallel Workers: 4
 Concurrent Workers: 1
 Concurrent Refinement Workers: 4
 Periodic GC: Disabled
Heap:
 garbage-first heap   total reserved 2062336K, committed 15360K, used 8661K [0x0000000082200000, 0x0000000100000000)
  region size 1024K, 1 young (1024K), 1 survivors (1024K)
 Metaspace       used 9345K, committed 9600K, reserved 1114112K
  class space    used 896K, committed 1024K, reserved 1048576K
GC Heap History (20 events):
Event: 0.388 GC heap before
{Heap before GC invocations=0 (full 0):
 garbage-first heap   total reserved 2062336K, committed 10240K, used 5236K [0x0000000082200000, 0x0000000100000000)
  region size 1024K, 4 young (4096K), 0 survivors (0K)
 Metaspace       used 3296K, committed 3456K, reserved 1114112K
  class space    used 298K, committed 384K, reserved 1048576K
}
Event: 0.396 GC heap after
{Heap after GC invocations=1 (full 0):
 garbage-first heap   total reserved 2062336K, committed 10240K, used 2180K [0x0000000082200000, 0x0000000100000000)
  region size 1024K, 1 young (1024K), 1 survivors (1024K)
 Metaspace       used 3296K, committed 3456K, reserved 1114112K
  class space    used 298K, committed 384K, reserved 1048576K
}
Event: 0.570 GC heap before
{Heap before GC invocations=1 (full 0):
 garbage-first heap   total reserved 2062336K, committed 10240K, used 3204K [0x0000000082200000, 0x0000000100000000)
  region size 1024K, 3 young (3072K), 1 survivors (1024K)
 Metaspace       used 6193K, committed 6400K, reserved 1114112K
  class space    used 602K, committed 704K, reserved 1048576K
}
Event: 0.573 GC heap after
{Heap after GC invocations=2 (full 0):
 garbage-first heap   total reserved 2062336K, committed 10240K, used 2753K [0x0000000082200000, 0x0000000100000000)
  region size 1024K, 1 young (1024K), 1 survivors (1024K)
 Metaspace       used 6193K, committed 6400K, reserved 1114112K
  class space    used 602K, committed 704K, reserved 1048576K
}
Event: 0.754 GC heap before
{Heap before GC invocations=2 (full 0):
 garbage-first heap   total reserved 2062336K, committed 10240K, used 4801K [0x0000000082200000, 0x0000000100000000)
  region size 1024K, 3 young (3072K), 1 survivors (1024K)
 Metaspace       used 7766K, committed 8000K, reserved 1114112K
  class space    used 742K, committed 832K, reserved 1048576K
}
Event: 0.764 GC heap after
{Heap after GC invocations=3 (full 0):
 garbage-first heap   total reserved 2062336K, committed 10240K, used 3188K [0x0000000082200000, 0x0000000100000000)
  region size 1024K, 1 young (1024K), 1 survivors (1024K)
 Metaspace       used 7766K, committed 8000K, reserved 1114112K
  class space    used 742K, committed 832K, reserved 1048576K
}
Event: 1.423 GC heap before
{Heap before GC invocations=3 (full 0):
 garbage-first heap   total reserved 2062336K, committed 10240K, used 6260K [0x0000000082200000, 0x0000000100000000)
  region size 1024K, 4 young (4096K), 1 survivors (1024K)
 Metaspace       used 8249K, committed 8448K, reserved 1114112K
  class space    used 774K, committed 896K, reserved 1048576K
}
Event: 1.427 GC heap after
{Heap after GC invocations=4 (full 0):
 garbage-first heap   total reserved 2062336K, committed 10240K, used 3944K [0x0000000082200000, 0x0000000100000000)
  region size 1024K, 1 young (1024K), 1 survivors (1024K)
 Metaspace       used 8249K, committed 8448K, reserved 1114112K
  class space    used 774K, committed 896K, reserved 1048576K
}
Event: 1.588 GC heap before
{Heap before GC invocations=4 (full 0):
 garbage-first heap   total reserved 2062336K, committed 10240K, used 5992K [0x0000000082200000, 0x0000000100000000)
  region size 1024K, 3 young (3072K), 1 survivors (1024K)
 Metaspace       used 8636K, committed 8768K, reserved 1114112K
  class space    used 817K, committed 896K, reserved 1048576K
}
Event: 1.594 GC heap after
{Heap after GC invocations=5 (full 0):
 garbage-first heap   total reserved 2062336K, committed 10240K, used 4658K [0x0000000082200000, 0x0000000100000000)
  region size 1024K, 1 young (1024K), 1 survivors (1024K)
 Metaspace       used 8636K, committed 8768K, reserved 1114112K
  class space    used 817K, committed 896K, reserved 1048576K
}
Event: 1.772 GC heap before
{Heap before GC invocations=6 (full 0):
 garbage-first heap   total reserved 2062336K, committed 10240K, used 6706K [0x0000000082200000, 0x0000000100000000)
  region size 1024K, 3 young (3072K), 1 survivors (1024K)
 Metaspace       used 8991K, committed 9216K, reserved 1114112K
  class space    used 866K, committed 960K, reserved 1048576K
}
Event: 1.785 GC heap after
{Heap after GC invocations=7 (full 0):
 garbage-first heap   total reserved 2062336K, committed 10240K, used 5557K [0x0000000082200000, 0x0000000100000000)
  region size 1024K, 1 young (1024K), 1 survivors (1024K)
 Metaspace       used 8991K, committed 9216K, reserved 1114112K
  class space    used 866K, committed 960K, reserved 1048576K
}
Event: 1.856 GC heap before
{Heap before GC invocations=7 (full 0):
 garbage-first heap   total reserved 2062336K, committed 10240K, used 6581K [0x0000000082200000, 0x0000000100000000)
  region size 1024K, 2 young (2048K), 1 survivors (1024K)
 Metaspace       used 9020K, committed 9216K, reserved 1114112K
  class space    used 867K, committed 960K, reserved 1048576K
}
Event: 1.860 GC heap after
{Heap after GC invocations=8 (full 0):
 garbage-first heap   total reserved 2062336K, committed 15360K, used 5714K [0x0000000082200000, 0x0000000100000000)
  region size 1024K, 1 young (1024K), 1 survivors (1024K)
 Metaspace       used 9020K, committed 9216K, reserved 1114112K
  class space    used 867K, committed 960K, reserved 1048576K
}
Event: 1.960 GC heap before
{Heap before GC invocations=8 (full 0):
 garbage-first heap   total reserved 2062336K, committed 15360K, used 9810K [0x0000000082200000, 0x0000000100000000)
  region size 1024K, 5 young (5120K), 1 survivors (1024K)
 Metaspace       used 9130K, committed 9408K, reserved 1114112K
  class space    used 876K, committed 1024K, reserved 1048576K
}
Event: 1.965 GC heap after
{Heap after GC invocations=9 (full 0):
 garbage-first heap   total reserved 2062336K, committed 15360K, used 6190K [0x0000000082200000, 0x0000000100000000)
  region size 1024K, 1 young (1024K), 1 survivors (1024K)
 Metaspace       used 9130K, committed 9408K, reserved 1114112K
  class space    used 876K, committed 1024K, reserved 1048576K
}
Event: 2.010 GC heap before
{Heap before GC invocations=9 (full 0):
 garbage-first heap   total reserved 2062336K, committed 15360K, used 10286K [0x0000000082200000, 0x0000000100000000)
  region size 1024K, 5 young (5120K), 1 survivors (1024K)
 Metaspace       used 9165K, committed 9408K, reserved 1114112K
  class space    used 878K, committed 1024K, reserved 1048576K
}
Event: 2.013 GC heap after
{Heap after GC invocations=10 (full 0):
 garbage-first heap   total reserved 2062336K, committed 15360K, used 6806K [0x0000000082200000, 0x0000000100000000)
  region size 1024K, 1 young (1024K), 1 survivors (1024K)
 Metaspace       used 9165K, committed 9408K, reserved 1114112K
  class space    used 878K, committed 1024K, reserved 1048576K
}
Event: 2.286 GC heap before
{Heap before GC invocations=10 (full 0):
 garbage-first heap   total reserved 2062336K, committed 15360K, used 10902K [0x0000000082200000, 0x0000000100000000)
  region size 1024K, 5 young (5120K), 1 survivors (1024K)
 Metaspace       used 9292K, committed 9536K, reserved 1114112K
  class space    used 889K, committed 1024K, reserved 1048576K
}
Event: 2.301 GC heap after
{Heap after GC invocations=11 (full 0):
 garbage-first heap   total reserved 2062336K, committed 15360K, used 7619K [0x0000000082200000, 0x0000000100000000)
  region size 1024K, 1 young (1024K), 1 survivors (1024K)
 Metaspace       used 9292K, committed 9536K, reserved 1114112K
  class space    used 889K, committed 1024K, reserved 1048576K
}

